app/build/intermediates/manifest_merge_blame_file/debug/manifest-merger-blame-debug-report.txt
1<?xml version="1.0" encoding="utf-8"?>
2<!--
3 Copyright (C) 2007 The Android Open Source Project
4
5     Licensed under the Apache License, Version 2.0 (the "License");
6     you may not use this file except in compliance with the License.
7     You may obtain a copy of the License at
8
9          http://www.apache.org/licenses/LICENSE-2.0
10
11     Unless required by applicable law or agreed to in writing, software
12     distributed under the License is distributed on an "AS IS" BASIS,
13     WITHOUT WARRANTIES OR CONDITIONS OF ANY KIND, either express or implied.
14     See the License for the specific language governing permissions and
15     limitations under the License.
16-->
17<!--
18 Declare the contents of this Android application.  The namespace
19     attribute brings in the Android platform namespace, and the package
20     supplies a unique name for the application.  When writing your
21     own application, the package name must be changed from "com.example.*"
22     to come from a domain that you own or have control over.
23-->
24<manifest xmlns:android="http://schemas.android.com/apk/res/android"
25    package="com.example.android.apis"
26    android:installLocation="auto" >
27
28    <uses-sdk
28-->src\main\AndroidManifest.xml:53:5-47
29        android:minSdkVersion="23"
29-->src\main\AndroidManifest.xml:53:5-47
30        android:targetSdkVersion="24" />
30-->src\main\AndroidManifest.xml:53:15-44
31
32    <uses-permission android:name="android.permission.READ_CONTACTS" />
32-->src\main\AndroidManifest.xml:26:5-72
32-->src\main\AndroidManifest.xml:26:22-69
33    <uses-permission android:name="android.permission.WRITE_CONTACTS" />
33-->src\main\AndroidManifest.xml:27:5-73
33-->src\main\AndroidManifest.xml:27:22-70
34    <uses-permission android:name="android.permission.VIBRATE" />
34-->src\main\AndroidManifest.xml:28:5-66
34-->src\main\AndroidManifest.xml:28:22-63
35    <uses-permission android:name="android.permission.ACCESS_COARSE_LOCATION" />
35-->src\main\AndroidManifest.xml:29:5-81
35-->src\main\AndroidManifest.xml:29:22-78
36    <uses-permission android:name="android.permission.INTERNET" />
36-->src\main\AndroidManifest.xml:30:5-67
36-->src\main\AndroidManifest.xml:30:22-64
37    <uses-permission android:name="android.permission.SET_WALLPAPER" />
37-->src\main\AndroidManifest.xml:31:5-72
37-->src\main\AndroidManifest.xml:31:22-69
38    <uses-permission android:name="android.permission.WRITE_EXTERNAL_STORAGE" />
38-->src\main\AndroidManifest.xml:32:5-81
38-->src\main\AndroidManifest.xml:32:22-78
39    <uses-permission android:name="android.permission.SEND_SMS" />
39-->src\main\AndroidManifest.xml:33:5-67
39-->src\main\AndroidManifest.xml:33:22-64
40    <uses-permission android:name="android.permission.RECEIVE_SMS" />
40-->src\main\AndroidManifest.xml:34:5-70
40-->src\main\AndroidManifest.xml:34:22-67
41    <uses-permission android:name="android.permission.RECEIVE_MMS" />
41-->src\main\AndroidManifest.xml:35:5-69
41-->src\main\AndroidManifest.xml:35:22-67
42    <uses-permission android:name="android.permission.WRITE_SMS" />
42-->src\main\AndroidManifest.xml:36:5-67
42-->src\main\AndroidManifest.xml:36:22-65
43    <uses-permission android:name="android.permission.READ_SMS" />
43-->src\main\AndroidManifest.xml:37:5-66
43-->src\main\AndroidManifest.xml:37:22-64
44    <uses-permission android:name="android.permission.NFC" />
44-->src\main\AndroidManifest.xml:38:5-62
44-->src\main\AndroidManifest.xml:38:22-59
45    <uses-permission android:name="android.permission.TRANSMIT_IR" />
45-->src\main\AndroidManifest.xml:39:5-70
45-->src\main\AndroidManifest.xml:39:22-67
46    <uses-permission android:name="android.permission.READ_PHONE_STATE" />
46-->src\main\AndroidManifest.xml:40:5-74
46-->src\main\AndroidManifest.xml:40:22-72
47    <uses-permission android:name="android.permission.WAKE_LOCK" />
47-->src\main\AndroidManifest.xml:41:5-67
47-->src\main\AndroidManifest.xml:41:22-65
48
49    <!-- For android.media.audiofx.Visualizer -->
50    <uses-permission android:name="android.permission.RECORD_AUDIO" />
50-->src\main\AndroidManifest.xml:45:5-71
50-->src\main\AndroidManifest.xml:45:22-68
51
52    <!--
53         We will request access to the camera, saying we require a camera
54         of some sort but not one with autofocus capability.
55    -->
56    <uses-permission android:name="android.permission.CAMERA" />
56-->src\main\AndroidManifest.xml:49:5-65
56-->src\main\AndroidManifest.xml:49:22-62
57
58    <uses-feature android:name="android.hardware.camera" />
58-->src\main\AndroidManifest.xml:50:5-60
58-->src\main\AndroidManifest.xml:50:19-57
59    <uses-feature
59-->src\main\AndroidManifest.xml:51:5-95
60        android:name="android.hardware.camera.autofocus"
60-->src\main\AndroidManifest.xml:51:19-67
61        android:required="false" />
61-->src\main\AndroidManifest.xml:51:68-92
62
63    <instrumentation
63-->src\main\AndroidManifest.xml:3243:5-3245:40
64        android:name=".app.LocalSampleInstrumentation"
64-->src\main\AndroidManifest.xml:3243:22-68
65        android:label="Local Sample"
65-->src\main\AndroidManifest.xml:3245:9-37
66        android:targetPackage="com.example.android.apis" />
66-->src\main\AndroidManifest.xml:3244:9-57
67
68    <application
68-->src\main\AndroidManifest.xml:55:5-3241:19
69        android:name="com.example.android.apis.ApiDemosApplication"
69-->src\main\AndroidManifest.xml:55:18-52
70        android:debuggable="true"
71        android:hardwareAccelerated="true"
71-->src\main\AndroidManifest.xml:58:13-47
72        android:icon="@drawable/app_sample_code"
72-->src\main\AndroidManifest.xml:57:13-53
73        android:label="@string/activity_sample_code"
73-->src\main\AndroidManifest.xml:56:13-57
74        android:supportsRtl="true"
74-->src\main\AndroidManifest.xml:59:13-39
75        android:testOnly="true"
76        android:theme="@android:style/Theme.Material.Light.DarkActionBar" >
76-->src\main\AndroidManifest.xml:60:13-78
77
78        <!--
79             This is how we can request a library but still allow the app
80             to be installed if it doesn't exist.
81        -->
82        <uses-library
82-->src\main\AndroidManifest.xml:64:9-94
83            android:name="com.example.will.never.exist"
83-->src\main\AndroidManifest.xml:64:23-66
84            android:required="false" />
84-->src\main\AndroidManifest.xml:64:67-91
85
86        <activity android:name="com.example.android.apis.ApiDemos" >
86-->src\main\AndroidManifest.xml:66:9-72:20
86-->src\main\AndroidManifest.xml:66:19-42
87            <intent-filter>
87-->src\main\AndroidManifest.xml:67:13-71:29
88                <action android:name="android.intent.action.MAIN" />
88-->src\main\AndroidManifest.xml:68:17-69
88-->src\main\AndroidManifest.xml:68:25-66
89
90                <category android:name="android.intent.category.DEFAULT" />
90-->src\main\AndroidManifest.xml:69:17-76
90-->src\main\AndroidManifest.xml:69:27-73
91                <category android:name="android.intent.category.LAUNCHER" />
91-->src\main\AndroidManifest.xml:70:17-77
91-->src\main\AndroidManifest.xml:70:27-74
92            </intent-filter>
93        </activity>
94
95        <!-- ************************************* -->
96        <!-- APPLICATION PACKAGE SAMPLES -->
97        <!-- ************************************* -->
98
99
100        <!-- Activity Samples -->
101
102        <activity
102-->src\main\AndroidManifest.xml:80:9-85:20
103            android:name="com.example.android.apis.app.HelloWorld"
103-->src\main\AndroidManifest.xml:80:19-49
104            android:label="@string/activity_hello_world" >
104-->src\main\AndroidManifest.xml:80:50-94
105            <intent-filter>
105-->src\main\AndroidManifest.xml:81:13-84:29
106                <action android:name="android.intent.action.MAIN" />
106-->src\main\AndroidManifest.xml:68:17-69
106-->src\main\AndroidManifest.xml:68:25-66
107
108                <category android:name="android.intent.category.SAMPLE_CODE" />
108-->src\main\AndroidManifest.xml:83:17-80
108-->src\main\AndroidManifest.xml:83:27-77
109            </intent-filter>
110        </activity>
111        <activity
111-->src\main\AndroidManifest.xml:87:9-94:20
112            android:name="com.example.android.apis.app.DialogActivity"
112-->src\main\AndroidManifest.xml:87:19-53
113            android:label="@string/activity_dialog"
113-->src\main\AndroidManifest.xml:88:17-56
114            android:theme="@style/ThemeCurrentDialog" >
114-->src\main\AndroidManifest.xml:89:17-58
115            <intent-filter>
115-->src\main\AndroidManifest.xml:81:13-84:29
116                <action android:name="android.intent.action.MAIN" />
116-->src\main\AndroidManifest.xml:68:17-69
116-->src\main\AndroidManifest.xml:68:25-66
117
118                <category android:name="android.intent.category.SAMPLE_CODE" />
118-->src\main\AndroidManifest.xml:83:17-80
118-->src\main\AndroidManifest.xml:83:27-77
119            </intent-filter>
120        </activity>
121        <activity
121-->src\main\AndroidManifest.xml:96:9-103:20
122            android:name="com.example.android.apis.app.CustomDialogActivity"
122-->src\main\AndroidManifest.xml:96:19-59
123            android:label="@string/activity_custom_dialog"
123-->src\main\AndroidManifest.xml:97:17-63
124            android:theme="@style/Theme.CustomDialog" >
124-->src\main\AndroidManifest.xml:98:17-58
125            <intent-filter>
125-->src\main\AndroidManifest.xml:81:13-84:29
126                <action android:name="android.intent.action.MAIN" />
126-->src\main\AndroidManifest.xml:68:17-69
126-->src\main\AndroidManifest.xml:68:25-66
127
128                <category android:name="android.intent.category.SAMPLE_CODE" />
128-->src\main\AndroidManifest.xml:83:17-80
128-->src\main\AndroidManifest.xml:83:27-77
129            </intent-filter>
130        </activity>
131        <activity
131-->src\main\AndroidManifest.xml:105:9-113:20
132            android:name="com.example.android.apis.app.OverscanActivity"
132-->src\main\AndroidManifest.xml:105:19-55
133            android:enabled="@bool/atLeastJellyBeanMR2"
133-->src\main\AndroidManifest.xml:108:17-60
134            android:label="@string/activity_overscan"
134-->src\main\AndroidManifest.xml:106:17-58
135            android:theme="@android:style/Theme.Holo.NoActionBar.Overscan" >
135-->src\main\AndroidManifest.xml:107:17-79
136            <intent-filter>
136-->src\main\AndroidManifest.xml:81:13-84:29
137                <action android:name="android.intent.action.MAIN" />
137-->src\main\AndroidManifest.xml:68:17-69
137-->src\main\AndroidManifest.xml:68:25-66
138
139                <category android:name="android.intent.category.SAMPLE_CODE" />
139-->src\main\AndroidManifest.xml:83:17-80
139-->src\main\AndroidManifest.xml:83:27-77
140            </intent-filter>
141        </activity>
142        <activity
142-->src\main\AndroidManifest.xml:115:8-121:20
143            android:name="com.example.android.apis.app.QuickContactsDemo"
143-->src\main\AndroidManifest.xml:115:18-55
144            android:label="@string/quick_contacts_demo" >
144-->src\main\AndroidManifest.xml:116:17-60
145            <intent-filter>
145-->src\main\AndroidManifest.xml:81:13-84:29
146                <action android:name="android.intent.action.MAIN" />
146-->src\main\AndroidManifest.xml:68:17-69
146-->src\main\AndroidManifest.xml:68:25-66
147
148                <category android:name="android.intent.category.SAMPLE_CODE" />
148-->src\main\AndroidManifest.xml:83:17-80
148-->src\main\AndroidManifest.xml:83:27-77
149            </intent-filter>
150        </activity>
151        <activity
151-->src\main\AndroidManifest.xml:123:9-130:20
152            android:name="com.example.android.apis.app.WallpaperActivity"
152-->src\main\AndroidManifest.xml:123:19-56
153            android:label="@string/activity_wallpaper"
153-->src\main\AndroidManifest.xml:124:17-59
154            android:theme="@style/Theme.Wallpaper" >
154-->src\main\AndroidManifest.xml:125:17-55
155            <intent-filter>
155-->src\main\AndroidManifest.xml:81:13-84:29
156                <action android:name="android.intent.action.MAIN" />
156-->src\main\AndroidManifest.xml:68:17-69
156-->src\main\AndroidManifest.xml:68:25-66
157
158                <category android:name="android.intent.category.SAMPLE_CODE" />
158-->src\main\AndroidManifest.xml:83:17-80
158-->src\main\AndroidManifest.xml:83:27-77
159            </intent-filter>
160        </activity>
161        <activity
161-->src\main\AndroidManifest.xml:132:9-139:20
162            android:name="com.example.android.apis.app.TranslucentActivity"
162-->src\main\AndroidManifest.xml:132:19-58
163            android:label="@string/activity_translucent"
163-->src\main\AndroidManifest.xml:133:17-61
164            android:theme="@style/Theme.Translucent" >
164-->src\main\AndroidManifest.xml:134:17-57
165            <intent-filter>
165-->src\main\AndroidManifest.xml:81:13-84:29
166                <action android:name="android.intent.action.MAIN" />
166-->src\main\AndroidManifest.xml:68:17-69
166-->src\main\AndroidManifest.xml:68:25-66
167
168                <category android:name="android.intent.category.SAMPLE_CODE" />
168-->src\main\AndroidManifest.xml:83:17-80
168-->src\main\AndroidManifest.xml:83:27-77
169            </intent-filter>
170        </activity>
171        <activity
171-->src\main\AndroidManifest.xml:141:9-148:20
172            android:name="com.example.android.apis.app.TranslucentBlurActivity"
172-->src\main\AndroidManifest.xml:141:19-62
173            android:label="@string/activity_translucent_blur"
173-->src\main\AndroidManifest.xml:142:17-66
174            android:theme="@style/Theme.Transparent" >
174-->src\main\AndroidManifest.xml:143:17-57
175            <intent-filter>
175-->src\main\AndroidManifest.xml:81:13-84:29
176                <action android:name="android.intent.action.MAIN" />
176-->src\main\AndroidManifest.xml:68:17-69
176-->src\main\AndroidManifest.xml:68:25-66
177
178                <category android:name="android.intent.category.SAMPLE_CODE" />
178-->src\main\AndroidManifest.xml:83:17-80
178-->src\main\AndroidManifest.xml:83:27-77
179            </intent-filter>
180        </activity>
181        <activity
181-->src\main\AndroidManifest.xml:150:9-155:20
182            android:name="com.example.android.apis.app.Animation"
182-->src\main\AndroidManifest.xml:150:19-48
183            android:label="@string/activity_animation" >
183-->src\main\AndroidManifest.xml:150:49-91
184            <intent-filter>
184-->src\main\AndroidManifest.xml:81:13-84:29
185                <action android:name="android.intent.action.MAIN" />
185-->src\main\AndroidManifest.xml:68:17-69
185-->src\main\AndroidManifest.xml:68:25-66
186
187                <category android:name="android.intent.category.SAMPLE_CODE" />
187-->src\main\AndroidManifest.xml:83:17-80
187-->src\main\AndroidManifest.xml:83:27-77
188            </intent-filter>
189        </activity>
190        <activity
190-->src\main\AndroidManifest.xml:157:9-164:20
191            android:name="com.example.android.apis.app.SaveRestoreState"
191-->src\main\AndroidManifest.xml:157:19-55
192            android:label="@string/activity_save_restore"
192-->src\main\AndroidManifest.xml:158:17-62
193            android:windowSoftInputMode="stateVisible|adjustResize" >
193-->src\main\AndroidManifest.xml:159:17-72
194            <intent-filter>
194-->src\main\AndroidManifest.xml:81:13-84:29
195                <action android:name="android.intent.action.MAIN" />
195-->src\main\AndroidManifest.xml:68:17-69
195-->src\main\AndroidManifest.xml:68:25-66
196
197                <category android:name="android.intent.category.SAMPLE_CODE" />
197-->src\main\AndroidManifest.xml:83:17-80
197-->src\main\AndroidManifest.xml:83:27-77
198            </intent-filter>
199        </activity>
200        <activity
200-->src\main\AndroidManifest.xml:166:9-173:20
201            android:name="com.example.android.apis.app.PersistentState"
201-->src\main\AndroidManifest.xml:166:19-54
202            android:label="@string/activity_persistent"
202-->src\main\AndroidManifest.xml:167:17-60
203            android:windowSoftInputMode="stateVisible|adjustResize" >
203-->src\main\AndroidManifest.xml:168:17-72
204            <intent-filter>
204-->src\main\AndroidManifest.xml:81:13-84:29
205                <action android:name="android.intent.action.MAIN" />
205-->src\main\AndroidManifest.xml:68:17-69
205-->src\main\AndroidManifest.xml:68:25-66
206
207                <category android:name="android.intent.category.SAMPLE_CODE" />
207-->src\main\AndroidManifest.xml:83:17-80
207-->src\main\AndroidManifest.xml:83:27-77
208            </intent-filter>
209        </activity>
210        <activity
210-->src\main\AndroidManifest.xml:175:9-182:20
211            android:name="com.example.android.apis.app.ActivityRecreate"
211-->src\main\AndroidManifest.xml:175:19-55
212            android:enabled="@bool/atLeastHoneycomb"
212-->src\main\AndroidManifest.xml:177:17-57
213            android:label="@string/activity_recreate" >
213-->src\main\AndroidManifest.xml:176:17-58
214            <intent-filter>
214-->src\main\AndroidManifest.xml:81:13-84:29
215                <action android:name="android.intent.action.MAIN" />
215-->src\main\AndroidManifest.xml:68:17-69
215-->src\main\AndroidManifest.xml:68:25-66
216
217                <category android:name="android.intent.category.SAMPLE_CODE" />
217-->src\main\AndroidManifest.xml:83:17-80
217-->src\main\AndroidManifest.xml:83:27-77
218            </intent-filter>
219        </activity>
220        <activity
220-->src\main\AndroidManifest.xml:184:9-192:20
221            android:name="com.example.android.apis.app.FinishAffinity"
221-->src\main\AndroidManifest.xml:184:19-53
222            android:enabled="@bool/atLeastJellyBean"
222-->src\main\AndroidManifest.xml:187:17-57
223            android:label="@string/activity_finish_affinity"
223-->src\main\AndroidManifest.xml:185:17-65
224            android:taskAffinity=":finishing" >
224-->src\main\AndroidManifest.xml:186:17-50
225            <intent-filter>
225-->src\main\AndroidManifest.xml:81:13-84:29
226                <action android:name="android.intent.action.MAIN" />
226-->src\main\AndroidManifest.xml:68:17-69
226-->src\main\AndroidManifest.xml:68:25-66
227
228                <category android:name="android.intent.category.SAMPLE_CODE" />
228-->src\main\AndroidManifest.xml:83:17-80
228-->src\main\AndroidManifest.xml:83:27-77
229            </intent-filter>
230        </activity>
231        <activity
231-->src\main\AndroidManifest.xml:194:9-200:20
232            android:name="com.example.android.apis.app.SoftInputModes"
232-->src\main\AndroidManifest.xml:194:19-53
233            android:label="@string/soft_input_modes" >
233-->src\main\AndroidManifest.xml:195:17-57
234            <intent-filter>
234-->src\main\AndroidManifest.xml:81:13-84:29
235                <action android:name="android.intent.action.MAIN" />
235-->src\main\AndroidManifest.xml:68:17-69
235-->src\main\AndroidManifest.xml:68:25-66
236
237                <category android:name="android.intent.category.SAMPLE_CODE" />
237-->src\main\AndroidManifest.xml:83:17-80
237-->src\main\AndroidManifest.xml:83:27-77
238            </intent-filter>
239        </activity>
240        <activity
240-->src\main\AndroidManifest.xml:202:9-207:20
241            android:name="com.example.android.apis.app.ReceiveResult"
241-->src\main\AndroidManifest.xml:202:19-52
242            android:label="@string/activity_receive_result" >
242-->src\main\AndroidManifest.xml:202:53-100
243            <intent-filter>
243-->src\main\AndroidManifest.xml:81:13-84:29
244                <action android:name="android.intent.action.MAIN" />
244-->src\main\AndroidManifest.xml:68:17-69
244-->src\main\AndroidManifest.xml:68:25-66
245
246                <category android:name="android.intent.category.SAMPLE_CODE" />
246-->src\main\AndroidManifest.xml:83:17-80
246-->src\main\AndroidManifest.xml:83:27-77
247            </intent-filter>
248        </activity>
249        <activity
249-->src\main\AndroidManifest.xml:209:9-211:20
250            android:name="com.example.android.apis.app.SendResult"
250-->src\main\AndroidManifest.xml:209:19-49
251            android:theme="@style/ThemeDialogWhenLarge" >
251-->src\main\AndroidManifest.xml:210:17-60
252        </activity>
253        <activity
253-->src\main\AndroidManifest.xml:213:9-218:20
254            android:name="com.example.android.apis.app.Forwarding"
254-->src\main\AndroidManifest.xml:213:19-49
255            android:label="@string/activity_forwarding" >
255-->src\main\AndroidManifest.xml:213:50-93
256            <intent-filter>
256-->src\main\AndroidManifest.xml:81:13-84:29
257                <action android:name="android.intent.action.MAIN" />
257-->src\main\AndroidManifest.xml:68:17-69
257-->src\main\AndroidManifest.xml:68:25-66
258
259                <category android:name="android.intent.category.SAMPLE_CODE" />
259-->src\main\AndroidManifest.xml:83:17-80
259-->src\main\AndroidManifest.xml:83:27-77
260            </intent-filter>
261        </activity>
262        <activity android:name="com.example.android.apis.app.ForwardTarget" >
262-->src\main\AndroidManifest.xml:220:9-221:20
262-->src\main\AndroidManifest.xml:220:19-52
263        </activity>
264        <activity
264-->src\main\AndroidManifest.xml:223:9-228:20
265            android:name="com.example.android.apis.app.RedirectEnter"
265-->src\main\AndroidManifest.xml:223:19-52
266            android:label="@string/activity_redirect" >
266-->src\main\AndroidManifest.xml:223:53-94
267            <intent-filter>
267-->src\main\AndroidManifest.xml:81:13-84:29
268                <action android:name="android.intent.action.MAIN" />
268-->src\main\AndroidManifest.xml:68:17-69
268-->src\main\AndroidManifest.xml:68:25-66
269
270                <category android:name="android.intent.category.SAMPLE_CODE" />
270-->src\main\AndroidManifest.xml:83:17-80
270-->src\main\AndroidManifest.xml:83:27-77
271            </intent-filter>
272        </activity>
273        <activity android:name="com.example.android.apis.app.RedirectMain" >
273-->src\main\AndroidManifest.xml:230:9-231:20
273-->src\main\AndroidManifest.xml:230:19-51
274        </activity>
275        <activity android:name="com.example.android.apis.app.RedirectGetter" >
275-->src\main\AndroidManifest.xml:233:9-234:20
275-->src\main\AndroidManifest.xml:233:19-53
276        </activity>
277
278        <!--
279             This sample doesn't work with the new action bar, so use
280             the old style theme.
281        -->
282        <activity
282-->src\main\AndroidManifest.xml:238:9-246:20
283            android:name="com.example.android.apis.app.CustomTitle"
283-->src\main\AndroidManifest.xml:238:19-50
284            android:label="@string/activity_custom_title"
284-->src\main\AndroidManifest.xml:239:17-62
285            android:theme="@android:style/Theme"
285-->src\main\AndroidManifest.xml:241:17-53
286            android:windowSoftInputMode="stateVisible|adjustPan" >
286-->src\main\AndroidManifest.xml:240:17-69
287            <intent-filter>
287-->src\main\AndroidManifest.xml:81:13-84:29
288                <action android:name="android.intent.action.MAIN" />
288-->src\main\AndroidManifest.xml:68:17-69
288-->src\main\AndroidManifest.xml:68:25-66
289
290                <category android:name="android.intent.category.SAMPLE_CODE" />
290-->src\main\AndroidManifest.xml:83:17-80
290-->src\main\AndroidManifest.xml:83:27-77
291            </intent-filter>
292        </activity>
293        <activity
293-->src\main\AndroidManifest.xml:248:9-254:20
294            android:name="com.example.android.apis.app.ReorderOnLaunch"
294-->src\main\AndroidManifest.xml:248:19-54
295            android:label="@string/activity_reorder" >
295-->src\main\AndroidManifest.xml:249:17-57
296            <intent-filter>
296-->src\main\AndroidManifest.xml:81:13-84:29
297                <action android:name="android.intent.action.MAIN" />
297-->src\main\AndroidManifest.xml:68:17-69
297-->src\main\AndroidManifest.xml:68:25-66
298
299                <category android:name="android.intent.category.SAMPLE_CODE" />
299-->src\main\AndroidManifest.xml:83:17-80
299-->src\main\AndroidManifest.xml:83:27-77
300            </intent-filter>
301        </activity>
302        <activity
302-->src\main\AndroidManifest.xml:256:9-262:20
303            android:name="com.example.android.apis.app.RotationAnimation"
303-->src\main\AndroidManifest.xml:256:19-56
304            android:label="@string/activity_rotation_animation" >
304-->src\main\AndroidManifest.xml:257:17-68
305            <intent-filter>
305-->src\main\AndroidManifest.xml:81:13-84:29
306                <action android:name="android.intent.action.MAIN" />
306-->src\main\AndroidManifest.xml:68:17-69
306-->src\main\AndroidManifest.xml:68:25-66
307
308                <category android:name="android.intent.category.SAMPLE_CODE" />
308-->src\main\AndroidManifest.xml:83:17-80
308-->src\main\AndroidManifest.xml:83:27-77
309            </intent-filter>
310        </activity>
311        <activity android:name="com.example.android.apis.app.ReorderTwo" />
311-->src\main\AndroidManifest.xml:264:9-52
311-->src\main\AndroidManifest.xml:264:19-49
312        <activity android:name="com.example.android.apis.app.ReorderThree" />
312-->src\main\AndroidManifest.xml:265:9-54
312-->src\main\AndroidManifest.xml:265:19-51
313        <activity android:name="com.example.android.apis.app.ReorderFour" />
313-->src\main\AndroidManifest.xml:266:9-53
313-->src\main\AndroidManifest.xml:266:19-50
314        <activity
314-->src\main\AndroidManifest.xml:268:9-274:20
315            android:name="com.example.android.apis.app.SetWallpaperActivity"
315-->src\main\AndroidManifest.xml:268:19-59
316            android:label="@string/activity_setwallpaper" >
316-->src\main\AndroidManifest.xml:269:19-64
317            <intent-filter>
317-->src\main\AndroidManifest.xml:81:13-84:29
318                <action android:name="android.intent.action.MAIN" />
318-->src\main\AndroidManifest.xml:68:17-69
318-->src\main\AndroidManifest.xml:68:25-66
319
320                <category android:name="android.intent.category.SAMPLE_CODE" />
320-->src\main\AndroidManifest.xml:83:17-80
320-->src\main\AndroidManifest.xml:83:27-77
321            </intent-filter>
322        </activity>
323        <activity
323-->src\main\AndroidManifest.xml:276:9-282:20
324            android:name="com.example.android.apis.app.ScreenOrientation"
324-->src\main\AndroidManifest.xml:276:19-56
325            android:label="@string/activity_screen_orientation" >
325-->src\main\AndroidManifest.xml:277:19-70
326            <intent-filter>
326-->src\main\AndroidManifest.xml:81:13-84:29
327                <action android:name="android.intent.action.MAIN" />
327-->src\main\AndroidManifest.xml:68:17-69
327-->src\main\AndroidManifest.xml:68:25-66
328
329                <category android:name="android.intent.category.SAMPLE_CODE" />
329-->src\main\AndroidManifest.xml:83:17-80
329-->src\main\AndroidManifest.xml:83:27-77
330            </intent-filter>
331        </activity>
332        <activity
332-->src\main\AndroidManifest.xml:284:9-290:20
333            android:name="com.example.android.apis.app.PresentationActivity"
333-->src\main\AndroidManifest.xml:284:19-59
334            android:label="@string/activity_presentation" >
334-->src\main\AndroidManifest.xml:285:17-62
335            <intent-filter>
335-->src\main\AndroidManifest.xml:81:13-84:29
336                <action android:name="android.intent.action.MAIN" />
336-->src\main\AndroidManifest.xml:68:17-69
336-->src\main\AndroidManifest.xml:68:25-66
337
338                <category android:name="android.intent.category.SAMPLE_CODE" />
338-->src\main\AndroidManifest.xml:83:17-80
338-->src\main\AndroidManifest.xml:83:27-77
339            </intent-filter>
340        </activity>
341        <activity
341-->src\main\AndroidManifest.xml:292:9-298:20
342            android:name="com.example.android.apis.app.PresentationWithMediaRouterActivity"
342-->src\main\AndroidManifest.xml:292:19-74
343            android:label="@string/activity_presentation_with_media_router" >
343-->src\main\AndroidManifest.xml:293:17-80
344            <intent-filter>
344-->src\main\AndroidManifest.xml:81:13-84:29
345                <action android:name="android.intent.action.MAIN" />
345-->src\main\AndroidManifest.xml:68:17-69
345-->src\main\AndroidManifest.xml:68:25-66
346
347                <category android:name="android.intent.category.SAMPLE_CODE" />
347-->src\main\AndroidManifest.xml:83:17-80
347-->src\main\AndroidManifest.xml:83:27-77
348            </intent-filter>
349        </activity>
350        <activity
350-->src\main\AndroidManifest.xml:300:9-306:20
351            android:name="com.example.android.apis.app.SecureWindowActivity"
351-->src\main\AndroidManifest.xml:300:19-59
352            android:label="@string/activity_secure_window" >
352-->src\main\AndroidManifest.xml:301:17-63
353            <intent-filter>
353-->src\main\AndroidManifest.xml:81:13-84:29
354                <action android:name="android.intent.action.MAIN" />
354-->src\main\AndroidManifest.xml:68:17-69
354-->src\main\AndroidManifest.xml:68:25-66
355
356                <category android:name="android.intent.category.SAMPLE_CODE" />
356-->src\main\AndroidManifest.xml:83:17-80
356-->src\main\AndroidManifest.xml:83:27-77
357            </intent-filter>
358        </activity>
359        <activity
359-->src\main\AndroidManifest.xml:308:9-314:20
360            android:name="com.example.android.apis.app.SecureDialogActivity"
360-->src\main\AndroidManifest.xml:308:19-59
361            android:label="@string/activity_secure_dialog" >
361-->src\main\AndroidManifest.xml:309:17-63
362            <intent-filter>
362-->src\main\AndroidManifest.xml:81:13-84:29